<?xml version="1.0" encoding="UTF-8"?>
<testng-results ignored="0" total="1" passed="1" failed="0" skipped="0">
  <reporter-output>
  </reporter-output>
  <suite started-at="2022-03-20T19:06:04 IST" name="Default suite" finished-at="2022-03-20T19:06:04 IST" duration-ms="158">
    <groups>
    </groups>
    <test started-at="2022-03-20T19:06:04 IST" name="Default test" finished-at="2022-03-20T19:06:04 IST" duration-ms="158">
      <class name="com.testng.TestNG_Concepts.TimeOutTest">
        <test-method signature="singIn()[pri:0, instance:com.testng.TestNG_Concepts.TimeOutTest@51f116b8]" started-at="2022-03-20T19:06:04 IST" name="singIn" finished-at="2022-03-20T19:06:04 IST" duration-ms="37" status="PASS">
          <reporter-output>
          </reporter-output>
        </test-method> <!-- singIn -->
      </class> <!-- com.testng.TestNG_Concepts.TimeOutTest -->
    </test> <!-- Default test -->
  </suite> <!-- Default suite -->
</testng-results>
